<?xml version="1.0" encoding="UTF-8"?>
<testsuite name="ExampleTest" tests="1" skipped="0" failures="0" errors="0" timestamp="2023-05-06T18:39:52" hostname="MacBook-Air-de-Jose.local" time="0.008">
  <properties/>
  <testcase name="ShouldShowSimpleAssertion()" classname="ExampleTest" time="0.008"/>
  <system-out><![CDATA[]]></system-out>
  <system-err><![CDATA[]]></system-err>
</testsuite>
